[2025-07-31T02:01:43.654+0000] {local_task_job_runner.py:120} INFO - ::group::Pre task execution logs
[2025-07-31T02:01:43.785+0000] {taskinstance.py:2076} INFO - Dependencies all met for dep_context=non-requeueable deps ti=<TaskInstance: dag_rrtttttttttttttttttt.transform_data_task scheduled__2025-06-25T00:00:00+00:00 [queued]>
[2025-07-31T02:01:43.794+0000] {taskinstance.py:2076} INFO - Dependencies all met for dep_context=requeueable deps ti=<TaskInstance: dag_rrtttttttttttttttttt.transform_data_task scheduled__2025-06-25T00:00:00+00:00 [queued]>
[2025-07-31T02:01:43.794+0000] {taskinstance.py:2306} INFO - Starting attempt 1 of 1
[2025-07-31T02:01:43.803+0000] {taskinstance.py:2330} INFO - Executing <Task(PythonOperator): transform_data_task> on 2025-06-25 00:00:00+00:00
[2025-07-31T02:01:43.808+0000] {logging_mixin.py:188} WARNING - /home/***/.local/lib/python3.12/site-packages/***/task/task_runner/standard_task_runner.py:61 DeprecationWarning: This process (pid=7081) is multi-threaded, use of fork() may lead to deadlocks in the child.
[2025-07-31T02:01:43.809+0000] {standard_task_runner.py:63} INFO - Started process 7083 to run task
[2025-07-31T02:01:43.809+0000] {standard_task_runner.py:90} INFO - Running: ['***', 'tasks', 'run', 'dag_rrtttttttttttttttttt', 'transform_data_task', 'scheduled__2025-06-25T00:00:00+00:00', '--job-id', '125', '--raw', '--subdir', 'DAGS_FOLDER/dag_generator_python.py', '--cfg-path', '/tmp/tmpti2ws9wn']
[2025-07-31T02:01:43.810+0000] {standard_task_runner.py:91} INFO - Job 125: Subtask transform_data_task
[2025-07-31T02:01:43.856+0000] {task_command.py:426} INFO - Running <TaskInstance: dag_rrtttttttttttttttttt.transform_data_task scheduled__2025-06-25T00:00:00+00:00 [running]> on host 14614e29d246
[2025-07-31T02:01:43.931+0000] {taskinstance.py:2648} INFO - Exporting env vars: AIRFLOW_CTX_DAG_OWNER='***' AIRFLOW_CTX_DAG_ID='dag_rrtttttttttttttttttt' AIRFLOW_CTX_TASK_ID='transform_data_task' AIRFLOW_CTX_EXECUTION_DATE='2025-06-25T00:00:00+00:00' AIRFLOW_CTX_TRY_NUMBER='1' AIRFLOW_CTX_DAG_RUN_ID='scheduled__2025-06-25T00:00:00+00:00'
[2025-07-31T02:01:43.931+0000] {taskinstance.py:430} INFO - ::endgroup::
[2025-07-31T02:01:43.940+0000] {__init__.py:92} INFO - 執行 transform_data (資料轉換層)
[2025-07-31T02:01:43.940+0000] {__init__.py:34} INFO - _get_upstream_output_path 上游任務: {'extract_data_task'}
[2025-07-31T02:01:43.940+0000] {__init__.py:50} INFO - 任務 'transform_data_task' 從單一上游 'extract_data_task' 拉取資料
[2025-07-31T02:01:43.947+0000] {__init__.py:52} INFO - 拉取到的 redis_key: ***_data:dag_rrtttttttttttttttttt.extract_data_task
[2025-07-31T02:01:43.950+0000] {__init__.py:115} INFO - 呼叫演算法 'add_test' 來自模組 'processor.transform.algos_2'
[2025-07-31T02:01:43.950+0000] {logging_mixin.py:188} INFO - [<_io.BytesIO object at 0x7a14b5d92d90>]
[2025-07-31T02:01:43.950+0000] {__init__.py:152} ERROR - transform_data 發生例外: a bytes-like object is required, not '_io.BytesIO'
[2025-07-31T02:01:43.950+0000] {taskinstance.py:441} INFO - ::group::Post task execution logs
[2025-07-31T02:01:43.951+0000] {taskinstance.py:2905} ERROR - Task failed with exception
Traceback (most recent call last):
  File "/home/airflow/.local/lib/python3.12/site-packages/airflow/models/taskinstance.py", line 465, in _execute_task
    result = _execute_callable(context=context, **execute_callable_kwargs)
             ^^^^^^^^^^^^^^^^^^^^^^^^^^^^^^^^^^^^^^^^^^^^^^^^^^^^^^^^^^^^^
  File "/home/airflow/.local/lib/python3.12/site-packages/airflow/models/taskinstance.py", line 432, in _execute_callable
    return execute_callable(context=context, **execute_callable_kwargs)
           ^^^^^^^^^^^^^^^^^^^^^^^^^^^^^^^^^^^^^^^^^^^^^^^^^^^^^^^^^^^^
  File "/home/airflow/.local/lib/python3.12/site-packages/airflow/models/baseoperator.py", line 401, in wrapper
    return func(self, *args, **kwargs)
           ^^^^^^^^^^^^^^^^^^^^^^^^^^^
  File "/home/airflow/.local/lib/python3.12/site-packages/airflow/operators/python.py", line 235, in execute
    return_value = self.execute_callable()
                   ^^^^^^^^^^^^^^^^^^^^^^^
  File "/home/airflow/.local/lib/python3.12/site-packages/airflow/operators/python.py", line 252, in execute_callable
    return self.python_callable(*self.op_args, **self.op_kwargs)
           ^^^^^^^^^^^^^^^^^^^^^^^^^^^^^^^^^^^^^^^^^^^^^^^^^^^^^
  File "/opt/airflow/dags/processor/__init__.py", line 117, in transform_data
    processed_data = func(data_list, **algo_kwargs)
                     ^^^^^^^^^^^^^^^^^^^^^^^^^^^^^^
  File "/opt/airflow/dags/processor/transform/algos_2.py", line 6, in add_test
    buffer = io.BytesIO(data[0])
             ^^^^^^^^^^^^^^^^^^^
TypeError: a bytes-like object is required, not '_io.BytesIO'
[2025-07-31T02:01:43.961+0000] {taskinstance.py:1206} INFO - Marking task as FAILED. dag_id=dag_rrtttttttttttttttttt, task_id=transform_data_task, run_id=scheduled__2025-06-25T00:00:00+00:00, execution_date=20250625T000000, start_date=20250731T020143, end_date=20250731T020143
[2025-07-31T02:01:43.975+0000] {standard_task_runner.py:110} ERROR - Failed to execute job 125 for task transform_data_task (a bytes-like object is required, not '_io.BytesIO'; 7083)
[2025-07-31T02:01:44.022+0000] {local_task_job_runner.py:240} INFO - Task exited with return code 1
[2025-07-31T02:01:44.058+0000] {taskinstance.py:3503} INFO - 0 downstream tasks scheduled from follow-on schedule check
[2025-07-31T02:01:44.062+0000] {local_task_job_runner.py:222} INFO - ::endgroup::
[2025-07-31T02:04:46.294+0000] {local_task_job_runner.py:120} INFO - ::group::Pre task execution logs
[2025-07-31T02:04:46.442+0000] {taskinstance.py:2076} INFO - Dependencies all met for dep_context=non-requeueable deps ti=<TaskInstance: dag_rrtttttttttttttttttt.transform_data_task scheduled__2025-06-25T00:00:00+00:00 [queued]>
[2025-07-31T02:04:46.453+0000] {taskinstance.py:2076} INFO - Dependencies all met for dep_context=requeueable deps ti=<TaskInstance: dag_rrtttttttttttttttttt.transform_data_task scheduled__2025-06-25T00:00:00+00:00 [queued]>
[2025-07-31T02:04:46.454+0000] {taskinstance.py:2306} INFO - Starting attempt 1 of 1
[2025-07-31T02:04:46.475+0000] {taskinstance.py:2330} INFO - Executing <Task(PythonOperator): transform_data_task> on 2025-06-25 00:00:00+00:00
[2025-07-31T02:04:46.486+0000] {logging_mixin.py:188} WARNING - /home/***/.local/lib/python3.12/site-packages/***/task/task_runner/standard_task_runner.py:61 DeprecationWarning: This process (pid=7266) is multi-threaded, use of fork() may lead to deadlocks in the child.
[2025-07-31T02:04:46.487+0000] {standard_task_runner.py:63} INFO - Started process 7268 to run task
[2025-07-31T02:04:46.487+0000] {standard_task_runner.py:90} INFO - Running: ['***', 'tasks', 'run', 'dag_rrtttttttttttttttttt', 'transform_data_task', 'scheduled__2025-06-25T00:00:00+00:00', '--job-id', '127', '--raw', '--subdir', 'DAGS_FOLDER/dag_generator_python.py', '--cfg-path', '/tmp/tmprvfvbbdy']
[2025-07-31T02:04:46.489+0000] {standard_task_runner.py:91} INFO - Job 127: Subtask transform_data_task
[2025-07-31T02:04:46.577+0000] {task_command.py:426} INFO - Running <TaskInstance: dag_rrtttttttttttttttttt.transform_data_task scheduled__2025-06-25T00:00:00+00:00 [running]> on host 14614e29d246
[2025-07-31T02:04:46.651+0000] {taskinstance.py:2648} INFO - Exporting env vars: AIRFLOW_CTX_DAG_OWNER='***' AIRFLOW_CTX_DAG_ID='dag_rrtttttttttttttttttt' AIRFLOW_CTX_TASK_ID='transform_data_task' AIRFLOW_CTX_EXECUTION_DATE='2025-06-25T00:00:00+00:00' AIRFLOW_CTX_TRY_NUMBER='1' AIRFLOW_CTX_DAG_RUN_ID='scheduled__2025-06-25T00:00:00+00:00'
[2025-07-31T02:04:46.652+0000] {taskinstance.py:430} INFO - ::endgroup::
[2025-07-31T02:04:46.663+0000] {__init__.py:92} INFO - 執行 transform_data (資料轉換層)
[2025-07-31T02:04:46.664+0000] {__init__.py:34} INFO - _get_upstream_output_path 上游任務: {'extract_data_task'}
[2025-07-31T02:04:46.664+0000] {__init__.py:50} INFO - 任務 'transform_data_task' 從單一上游 'extract_data_task' 拉取資料
[2025-07-31T02:04:46.672+0000] {__init__.py:52} INFO - 拉取到的 redis_key: ***_data:dag_rrtttttttttttttttttt.extract_data_task
[2025-07-31T02:04:46.674+0000] {__init__.py:115} INFO - 呼叫演算法 'add_test' 來自模組 'processor.transform.algos_2'
[2025-07-31T02:04:46.675+0000] {__init__.py:152} ERROR - transform_data 發生例外: cannot access local variable 'data' where it is not associated with a value
[2025-07-31T02:04:46.676+0000] {taskinstance.py:441} INFO - ::group::Post task execution logs
[2025-07-31T02:04:46.676+0000] {taskinstance.py:2905} ERROR - Task failed with exception
Traceback (most recent call last):
  File "/home/airflow/.local/lib/python3.12/site-packages/airflow/models/taskinstance.py", line 465, in _execute_task
    result = _execute_callable(context=context, **execute_callable_kwargs)
             ^^^^^^^^^^^^^^^^^^^^^^^^^^^^^^^^^^^^^^^^^^^^^^^^^^^^^^^^^^^^^
  File "/home/airflow/.local/lib/python3.12/site-packages/airflow/models/taskinstance.py", line 432, in _execute_callable
    return execute_callable(context=context, **execute_callable_kwargs)
           ^^^^^^^^^^^^^^^^^^^^^^^^^^^^^^^^^^^^^^^^^^^^^^^^^^^^^^^^^^^^
  File "/home/airflow/.local/lib/python3.12/site-packages/airflow/models/baseoperator.py", line 401, in wrapper
    return func(self, *args, **kwargs)
           ^^^^^^^^^^^^^^^^^^^^^^^^^^^
  File "/home/airflow/.local/lib/python3.12/site-packages/airflow/operators/python.py", line 235, in execute
    return_value = self.execute_callable()
                   ^^^^^^^^^^^^^^^^^^^^^^^
  File "/home/airflow/.local/lib/python3.12/site-packages/airflow/operators/python.py", line 252, in execute_callable
    return self.python_callable(*self.op_args, **self.op_kwargs)
           ^^^^^^^^^^^^^^^^^^^^^^^^^^^^^^^^^^^^^^^^^^^^^^^^^^^^^
  File "/opt/airflow/dags/processor/__init__.py", line 120, in transform_data
    if isinstance(data, np.ndarray):
                  ^^^^
UnboundLocalError: cannot access local variable 'data' where it is not associated with a value
[2025-07-31T02:04:46.683+0000] {taskinstance.py:1206} INFO - Marking task as FAILED. dag_id=dag_rrtttttttttttttttttt, task_id=transform_data_task, run_id=scheduled__2025-06-25T00:00:00+00:00, execution_date=20250625T000000, start_date=20250731T020446, end_date=20250731T020446
[2025-07-31T02:04:46.693+0000] {standard_task_runner.py:110} ERROR - Failed to execute job 127 for task transform_data_task (cannot access local variable 'data' where it is not associated with a value; 7268)
[2025-07-31T02:04:46.701+0000] {local_task_job_runner.py:240} INFO - Task exited with return code 1
[2025-07-31T02:04:46.753+0000] {taskinstance.py:3503} INFO - 0 downstream tasks scheduled from follow-on schedule check
[2025-07-31T02:04:46.759+0000] {local_task_job_runner.py:222} INFO - ::endgroup::
[2025-07-31T02:12:25.321+0000] {local_task_job_runner.py:120} INFO - ::group::Pre task execution logs
[2025-07-31T02:12:25.446+0000] {taskinstance.py:2076} INFO - Dependencies all met for dep_context=non-requeueable deps ti=<TaskInstance: dag_rrtttttttttttttttttt.transform_data_task scheduled__2025-06-25T00:00:00+00:00 [queued]>
[2025-07-31T02:12:25.451+0000] {taskinstance.py:2076} INFO - Dependencies all met for dep_context=requeueable deps ti=<TaskInstance: dag_rrtttttttttttttttttt.transform_data_task scheduled__2025-06-25T00:00:00+00:00 [queued]>
[2025-07-31T02:12:25.452+0000] {taskinstance.py:2306} INFO - Starting attempt 1 of 1
[2025-07-31T02:12:25.462+0000] {taskinstance.py:2330} INFO - Executing <Task(PythonOperator): transform_data_task> on 2025-06-25 00:00:00+00:00
[2025-07-31T02:12:25.469+0000] {logging_mixin.py:188} WARNING - /home/***/.local/lib/python3.12/site-packages/***/task/task_runner/standard_task_runner.py:61 DeprecationWarning: This process (pid=7746) is multi-threaded, use of fork() may lead to deadlocks in the child.
[2025-07-31T02:12:25.469+0000] {standard_task_runner.py:63} INFO - Started process 7748 to run task
[2025-07-31T02:12:25.469+0000] {standard_task_runner.py:90} INFO - Running: ['***', 'tasks', 'run', 'dag_rrtttttttttttttttttt', 'transform_data_task', 'scheduled__2025-06-25T00:00:00+00:00', '--job-id', '136', '--raw', '--subdir', 'DAGS_FOLDER/dag_generator_python.py', '--cfg-path', '/tmp/tmpm_9odav_']
[2025-07-31T02:12:25.470+0000] {standard_task_runner.py:91} INFO - Job 136: Subtask transform_data_task
[2025-07-31T02:12:25.514+0000] {task_command.py:426} INFO - Running <TaskInstance: dag_rrtttttttttttttttttt.transform_data_task scheduled__2025-06-25T00:00:00+00:00 [running]> on host 14614e29d246
[2025-07-31T02:12:25.636+0000] {taskinstance.py:2648} INFO - Exporting env vars: AIRFLOW_CTX_DAG_OWNER='***' AIRFLOW_CTX_DAG_ID='dag_rrtttttttttttttttttt' AIRFLOW_CTX_TASK_ID='transform_data_task' AIRFLOW_CTX_EXECUTION_DATE='2025-06-25T00:00:00+00:00' AIRFLOW_CTX_TRY_NUMBER='1' AIRFLOW_CTX_DAG_RUN_ID='scheduled__2025-06-25T00:00:00+00:00'
[2025-07-31T02:12:25.637+0000] {taskinstance.py:430} INFO - ::endgroup::
[2025-07-31T02:12:25.648+0000] {__init__.py:92} INFO - 執行 transform_data (資料轉換層)
[2025-07-31T02:12:25.648+0000] {__init__.py:34} INFO - _get_upstream_output_path 上游任務: {'extract_data_task'}
[2025-07-31T02:12:25.648+0000] {__init__.py:50} INFO - 任務 'transform_data_task' 從單一上游 'extract_data_task' 拉取資料
[2025-07-31T02:12:25.658+0000] {__init__.py:52} INFO - 拉取到的 redis_key: ***_data:dag_rrtttttttttttttttttt.extract_data_task
[2025-07-31T02:12:25.661+0000] {__init__.py:115} INFO - 呼叫演算法 'add_test' 來自模組 'processor.transform.algos_2'
[2025-07-31T02:12:25.663+0000] {__init__.py:152} ERROR - transform_data 發生例外: name 'logger' is not defined
[2025-07-31T02:12:25.663+0000] {taskinstance.py:441} INFO - ::group::Post task execution logs
[2025-07-31T02:12:25.664+0000] {taskinstance.py:2905} ERROR - Task failed with exception
Traceback (most recent call last):
  File "/opt/airflow/dags/processor/transform/algos_2.py", line 11, in add_test
    logger.info("資料處理完成")
    ^^^^^^
NameError: name 'logger' is not defined

During handling of the above exception, another exception occurred:

Traceback (most recent call last):
  File "/home/airflow/.local/lib/python3.12/site-packages/airflow/models/taskinstance.py", line 465, in _execute_task
    result = _execute_callable(context=context, **execute_callable_kwargs)
             ^^^^^^^^^^^^^^^^^^^^^^^^^^^^^^^^^^^^^^^^^^^^^^^^^^^^^^^^^^^^^
  File "/home/airflow/.local/lib/python3.12/site-packages/airflow/models/taskinstance.py", line 432, in _execute_callable
    return execute_callable(context=context, **execute_callable_kwargs)
           ^^^^^^^^^^^^^^^^^^^^^^^^^^^^^^^^^^^^^^^^^^^^^^^^^^^^^^^^^^^^
  File "/home/airflow/.local/lib/python3.12/site-packages/airflow/models/baseoperator.py", line 401, in wrapper
    return func(self, *args, **kwargs)
           ^^^^^^^^^^^^^^^^^^^^^^^^^^^
  File "/home/airflow/.local/lib/python3.12/site-packages/airflow/operators/python.py", line 235, in execute
    return_value = self.execute_callable()
                   ^^^^^^^^^^^^^^^^^^^^^^^
  File "/home/airflow/.local/lib/python3.12/site-packages/airflow/operators/python.py", line 252, in execute_callable
    return self.python_callable(*self.op_args, **self.op_kwargs)
           ^^^^^^^^^^^^^^^^^^^^^^^^^^^^^^^^^^^^^^^^^^^^^^^^^^^^^
  File "/opt/airflow/dags/processor/__init__.py", line 117, in transform_data
    processed_data = func(data_list, **algo_kwargs)
                     ^^^^^^^^^^^^^^^^^^^^^^^^^^^^^^
  File "/opt/airflow/dags/processor/transform/algos_2.py", line 14, in add_test
    logger.error(f"extract_data 發生例外: {e}")
    ^^^^^^
NameError: name 'logger' is not defined
[2025-07-31T02:12:25.691+0000] {taskinstance.py:1206} INFO - Marking task as FAILED. dag_id=dag_rrtttttttttttttttttt, task_id=transform_data_task, run_id=scheduled__2025-06-25T00:00:00+00:00, execution_date=20250625T000000, start_date=20250731T021225, end_date=20250731T021225
[2025-07-31T02:12:25.715+0000] {standard_task_runner.py:110} ERROR - Failed to execute job 136 for task transform_data_task (name 'logger' is not defined; 7748)
[2025-07-31T02:12:25.763+0000] {local_task_job_runner.py:240} INFO - Task exited with return code 1
[2025-07-31T02:12:25.795+0000] {taskinstance.py:3503} INFO - 0 downstream tasks scheduled from follow-on schedule check
[2025-07-31T02:12:25.799+0000] {local_task_job_runner.py:222} INFO - ::endgroup::
[2025-07-31T02:12:55.575+0000] {local_task_job_runner.py:120} INFO - ::group::Pre task execution logs
[2025-07-31T02:12:55.691+0000] {taskinstance.py:2076} INFO - Dependencies all met for dep_context=non-requeueable deps ti=<TaskInstance: dag_rrtttttttttttttttttt.transform_data_task scheduled__2025-06-25T00:00:00+00:00 [queued]>
[2025-07-31T02:12:55.698+0000] {taskinstance.py:2076} INFO - Dependencies all met for dep_context=requeueable deps ti=<TaskInstance: dag_rrtttttttttttttttttt.transform_data_task scheduled__2025-06-25T00:00:00+00:00 [queued]>
[2025-07-31T02:12:55.698+0000] {taskinstance.py:2306} INFO - Starting attempt 1 of 1
[2025-07-31T02:12:55.709+0000] {taskinstance.py:2330} INFO - Executing <Task(PythonOperator): transform_data_task> on 2025-06-25 00:00:00+00:00
[2025-07-31T02:12:55.714+0000] {logging_mixin.py:188} WARNING - /home/***/.local/lib/python3.12/site-packages/***/task/task_runner/standard_task_runner.py:61 DeprecationWarning: This process (pid=7791) is multi-threaded, use of fork() may lead to deadlocks in the child.
[2025-07-31T02:12:55.715+0000] {standard_task_runner.py:63} INFO - Started process 7797 to run task
[2025-07-31T02:12:55.715+0000] {standard_task_runner.py:90} INFO - Running: ['***', 'tasks', 'run', 'dag_rrtttttttttttttttttt', 'transform_data_task', 'scheduled__2025-06-25T00:00:00+00:00', '--job-id', '140', '--raw', '--subdir', 'DAGS_FOLDER/dag_generator_python.py', '--cfg-path', '/tmp/tmpum5xgagd']
[2025-07-31T02:12:55.716+0000] {standard_task_runner.py:91} INFO - Job 140: Subtask transform_data_task
[2025-07-31T02:12:55.755+0000] {task_command.py:426} INFO - Running <TaskInstance: dag_rrtttttttttttttttttt.transform_data_task scheduled__2025-06-25T00:00:00+00:00 [running]> on host 14614e29d246
[2025-07-31T02:12:55.836+0000] {taskinstance.py:2648} INFO - Exporting env vars: AIRFLOW_CTX_DAG_OWNER='***' AIRFLOW_CTX_DAG_ID='dag_rrtttttttttttttttttt' AIRFLOW_CTX_TASK_ID='transform_data_task' AIRFLOW_CTX_EXECUTION_DATE='2025-06-25T00:00:00+00:00' AIRFLOW_CTX_TRY_NUMBER='1' AIRFLOW_CTX_DAG_RUN_ID='scheduled__2025-06-25T00:00:00+00:00'
[2025-07-31T02:12:55.837+0000] {taskinstance.py:430} INFO - ::endgroup::
[2025-07-31T02:12:55.849+0000] {__init__.py:92} INFO - 執行 transform_data (資料轉換層)
[2025-07-31T02:12:55.849+0000] {__init__.py:34} INFO - _get_upstream_output_path 上游任務: {'extract_data_task'}
[2025-07-31T02:12:55.849+0000] {__init__.py:50} INFO - 任務 'transform_data_task' 從單一上游 'extract_data_task' 拉取資料
[2025-07-31T02:12:55.855+0000] {__init__.py:52} INFO - 拉取到的 redis_key: ***_data:dag_rrtttttttttttttttttt.extract_data_task
[2025-07-31T02:12:55.856+0000] {__init__.py:115} INFO - 呼叫演算法 'add_test' 來自模組 'processor.transform.algos_2'
[2025-07-31T02:12:55.857+0000] {__init__.py:152} ERROR - transform_data 發生例外: name 'logger' is not defined
[2025-07-31T02:12:55.858+0000] {taskinstance.py:441} INFO - ::group::Post task execution logs
[2025-07-31T02:12:55.858+0000] {taskinstance.py:2905} ERROR - Task failed with exception
Traceback (most recent call last):
  File "/opt/airflow/dags/processor/transform/algos_2.py", line 11, in add_test
    logger.info("資料處理完成")
    ^^^^^^
NameError: name 'logger' is not defined

During handling of the above exception, another exception occurred:

Traceback (most recent call last):
  File "/home/airflow/.local/lib/python3.12/site-packages/airflow/models/taskinstance.py", line 465, in _execute_task
    result = _execute_callable(context=context, **execute_callable_kwargs)
             ^^^^^^^^^^^^^^^^^^^^^^^^^^^^^^^^^^^^^^^^^^^^^^^^^^^^^^^^^^^^^
  File "/home/airflow/.local/lib/python3.12/site-packages/airflow/models/taskinstance.py", line 432, in _execute_callable
    return execute_callable(context=context, **execute_callable_kwargs)
           ^^^^^^^^^^^^^^^^^^^^^^^^^^^^^^^^^^^^^^^^^^^^^^^^^^^^^^^^^^^^
  File "/home/airflow/.local/lib/python3.12/site-packages/airflow/models/baseoperator.py", line 401, in wrapper
    return func(self, *args, **kwargs)
           ^^^^^^^^^^^^^^^^^^^^^^^^^^^
  File "/home/airflow/.local/lib/python3.12/site-packages/airflow/operators/python.py", line 235, in execute
    return_value = self.execute_callable()
                   ^^^^^^^^^^^^^^^^^^^^^^^
  File "/home/airflow/.local/lib/python3.12/site-packages/airflow/operators/python.py", line 252, in execute_callable
    return self.python_callable(*self.op_args, **self.op_kwargs)
           ^^^^^^^^^^^^^^^^^^^^^^^^^^^^^^^^^^^^^^^^^^^^^^^^^^^^^
  File "/opt/airflow/dags/processor/__init__.py", line 117, in transform_data
    processed_data = func(data_list, **algo_kwargs)
                     ^^^^^^^^^^^^^^^^^^^^^^^^^^^^^^
  File "/opt/airflow/dags/processor/transform/algos_2.py", line 14, in add_test
    logger.error(f"extract_data 發生例外: {e}")
    ^^^^^^
NameError: name 'logger' is not defined
[2025-07-31T02:12:55.870+0000] {taskinstance.py:1206} INFO - Marking task as FAILED. dag_id=dag_rrtttttttttttttttttt, task_id=transform_data_task, run_id=scheduled__2025-06-25T00:00:00+00:00, execution_date=20250625T000000, start_date=20250731T021255, end_date=20250731T021255
[2025-07-31T02:12:55.877+0000] {standard_task_runner.py:110} ERROR - Failed to execute job 140 for task transform_data_task (name 'logger' is not defined; 7797)
[2025-07-31T02:12:55.888+0000] {local_task_job_runner.py:240} INFO - Task exited with return code 1
[2025-07-31T02:12:55.908+0000] {taskinstance.py:3503} INFO - 0 downstream tasks scheduled from follow-on schedule check
[2025-07-31T02:12:55.911+0000] {local_task_job_runner.py:222} INFO - ::endgroup::
