[2025-07-28T03:29:50.186+0000] {local_task_job_runner.py:120} INFO - ::group::Pre task execution logs
[2025-07-28T03:29:50.216+0000] {taskinstance.py:2076} INFO - Dependencies all met for dep_context=non-requeueable deps ti=<TaskInstance: dag_3123123123123.extract_data_task scheduled__2025-06-25T00:00:00+00:00 [queued]>
[2025-07-28T03:29:50.224+0000] {taskinstance.py:2076} INFO - Dependencies all met for dep_context=requeueable deps ti=<TaskInstance: dag_3123123123123.extract_data_task scheduled__2025-06-25T00:00:00+00:00 [queued]>
[2025-07-28T03:29:50.224+0000] {taskinstance.py:2306} INFO - Starting attempt 1 of 1
[2025-07-28T03:29:50.238+0000] {taskinstance.py:2330} INFO - Executing <Task(PythonOperator): extract_data_task> on 2025-06-25 00:00:00+00:00
[2025-07-28T03:29:50.247+0000] {standard_task_runner.py:90} INFO - Running: ['***', 'tasks', 'run', 'dag_3123123123123', 'extract_data_task', 'scheduled__2025-06-25T00:00:00+00:00', '--job-id', '11', '--raw', '--subdir', 'DAGS_FOLDER/dag_generator_python.py', '--cfg-path', '/tmp/tmpzk7w06co']
[2025-07-28T03:29:50.250+0000] {standard_task_runner.py:91} INFO - Job 11: Subtask extract_data_task
[2025-07-28T03:29:50.350+0000] {logging_mixin.py:188} WARNING - /home/***/.local/lib/python3.12/site-packages/***/task/task_runner/standard_task_runner.py:61 DeprecationWarning: This process (pid=5394) is multi-threaded, use of fork() may lead to deadlocks in the child.
[2025-07-28T03:29:50.350+0000] {standard_task_runner.py:63} INFO - Started process 5396 to run task
[2025-07-28T03:29:50.382+0000] {task_command.py:426} INFO - Running <TaskInstance: dag_3123123123123.extract_data_task scheduled__2025-06-25T00:00:00+00:00 [running]> on host dfc351a2ad6c
[2025-07-28T03:29:50.458+0000] {taskinstance.py:2648} INFO - Exporting env vars: AIRFLOW_CTX_DAG_OWNER='***' AIRFLOW_CTX_DAG_ID='dag_3123123123123' AIRFLOW_CTX_TASK_ID='extract_data_task' AIRFLOW_CTX_EXECUTION_DATE='2025-06-25T00:00:00+00:00' AIRFLOW_CTX_TRY_NUMBER='1' AIRFLOW_CTX_DAG_RUN_ID='scheduled__2025-06-25T00:00:00+00:00'
[2025-07-28T03:29:50.459+0000] {taskinstance.py:430} INFO - ::endgroup::
[2025-07-28T03:29:50.472+0000] {logging_mixin.py:188} INFO - Extracting data from: /opt/***/data/input/3f2a4b93-b237-4545-bd50-5004d863567c.csv
[2025-07-28T03:29:50.488+0000] {taskinstance.py:441} INFO - ::group::Post task execution logs
[2025-07-28T03:29:50.489+0000] {taskinstance.py:2905} ERROR - Task failed with exception
Traceback (most recent call last):
  File "/home/airflow/.local/lib/python3.12/site-packages/redis/connection.py", line 276, in connect
    sock = self.retry.call_with_retry(
           ^^^^^^^^^^^^^^^^^^^^^^^^^^^
  File "/home/airflow/.local/lib/python3.12/site-packages/redis/retry.py", line 46, in call_with_retry
    return do()
           ^^^^
  File "/home/airflow/.local/lib/python3.12/site-packages/redis/connection.py", line 277, in <lambda>
    lambda: self._connect(), lambda error: self.disconnect(error)
            ^^^^^^^^^^^^^^^
  File "/home/airflow/.local/lib/python3.12/site-packages/redis/connection.py", line 639, in _connect
    raise err
  File "/home/airflow/.local/lib/python3.12/site-packages/redis/connection.py", line 627, in _connect
    sock.connect(socket_address)
ConnectionRefusedError: [Errno 111] Connection refused

During handling of the above exception, another exception occurred:

Traceback (most recent call last):
  File "/home/airflow/.local/lib/python3.12/site-packages/airflow/models/taskinstance.py", line 465, in _execute_task
    result = _execute_callable(context=context, **execute_callable_kwargs)
             ^^^^^^^^^^^^^^^^^^^^^^^^^^^^^^^^^^^^^^^^^^^^^^^^^^^^^^^^^^^^^
  File "/home/airflow/.local/lib/python3.12/site-packages/airflow/models/taskinstance.py", line 432, in _execute_callable
    return execute_callable(context=context, **execute_callable_kwargs)
           ^^^^^^^^^^^^^^^^^^^^^^^^^^^^^^^^^^^^^^^^^^^^^^^^^^^^^^^^^^^^
  File "/home/airflow/.local/lib/python3.12/site-packages/airflow/models/baseoperator.py", line 401, in wrapper
    return func(self, *args, **kwargs)
           ^^^^^^^^^^^^^^^^^^^^^^^^^^^
  File "/home/airflow/.local/lib/python3.12/site-packages/airflow/operators/python.py", line 235, in execute
    return_value = self.execute_callable()
                   ^^^^^^^^^^^^^^^^^^^^^^^
  File "/home/airflow/.local/lib/python3.12/site-packages/airflow/operators/python.py", line 252, in execute_callable
    return self.python_callable(*self.op_args, **self.op_kwargs)
           ^^^^^^^^^^^^^^^^^^^^^^^^^^^^^^^^^^^^^^^^^^^^^^^^^^^^^
  File "/opt/airflow/dags/algorithms/data_processor.py", line 28, in extract_data
    redis_client.set(redis_key, data_bytes)
  File "/home/airflow/.local/lib/python3.12/site-packages/redis/commands/core.py", line 2342, in set
    return self.execute_command("SET", *pieces, **options)
           ^^^^^^^^^^^^^^^^^^^^^^^^^^^^^^^^^^^^^^^^^^^^^^^
  File "/home/airflow/.local/lib/python3.12/site-packages/redis/client.py", line 542, in execute_command
    conn = self.connection or pool.get_connection(command_name, **options)
                              ^^^^^^^^^^^^^^^^^^^^^^^^^^^^^^^^^^^^^^^^^^^^
  File "/home/airflow/.local/lib/python3.12/site-packages/redis/connection.py", line 1109, in get_connection
    connection.connect()
  File "/home/airflow/.local/lib/python3.12/site-packages/redis/connection.py", line 282, in connect
    raise ConnectionError(self._error_message(e))
redis.exceptions.ConnectionError: Error 111 connecting to localhost:6379. Connection refused.
[2025-07-28T03:29:50.499+0000] {taskinstance.py:1206} INFO - Marking task as FAILED. dag_id=dag_3123123123123, task_id=extract_data_task, run_id=scheduled__2025-06-25T00:00:00+00:00, execution_date=20250625T000000, start_date=20250728T032950, end_date=20250728T032950
[2025-07-28T03:29:50.509+0000] {standard_task_runner.py:110} ERROR - Failed to execute job 11 for task extract_data_task (Error 111 connecting to localhost:6379. Connection refused.; 5396)
[2025-07-28T03:29:50.522+0000] {local_task_job_runner.py:240} INFO - Task exited with return code 1
[2025-07-28T03:29:50.537+0000] {taskinstance.py:3503} INFO - 0 downstream tasks scheduled from follow-on schedule check
[2025-07-28T03:29:50.540+0000] {local_task_job_runner.py:222} INFO - ::endgroup::
[2025-07-28T04:59:39.019+0000] {local_task_job_runner.py:120} INFO - ::group::Pre task execution logs
[2025-07-28T04:59:39.050+0000] {taskinstance.py:2076} INFO - Dependencies all met for dep_context=non-requeueable deps ti=<TaskInstance: dag_3123123123123.extract_data_task scheduled__2025-06-25T00:00:00+00:00 [queued]>
[2025-07-28T04:59:39.058+0000] {taskinstance.py:2076} INFO - Dependencies all met for dep_context=requeueable deps ti=<TaskInstance: dag_3123123123123.extract_data_task scheduled__2025-06-25T00:00:00+00:00 [queued]>
[2025-07-28T04:59:39.058+0000] {taskinstance.py:2306} INFO - Starting attempt 1 of 1
[2025-07-28T04:59:39.069+0000] {taskinstance.py:2330} INFO - Executing <Task(PythonOperator): extract_data_task> on 2025-06-25 00:00:00+00:00
[2025-07-28T04:59:39.075+0000] {standard_task_runner.py:90} INFO - Running: ['***', 'tasks', 'run', 'dag_3123123123123', 'extract_data_task', 'scheduled__2025-06-25T00:00:00+00:00', '--job-id', '12', '--raw', '--subdir', 'DAGS_FOLDER/dag_generator_python.py', '--cfg-path', '/tmp/tmpsazxafeq']
[2025-07-28T04:59:39.077+0000] {standard_task_runner.py:91} INFO - Job 12: Subtask extract_data_task
[2025-07-28T04:59:39.206+0000] {logging_mixin.py:188} WARNING - /home/***/.local/lib/python3.12/site-packages/***/task/task_runner/standard_task_runner.py:61 DeprecationWarning: This process (pid=5763) is multi-threaded, use of fork() may lead to deadlocks in the child.
[2025-07-28T04:59:39.207+0000] {standard_task_runner.py:63} INFO - Started process 5765 to run task
[2025-07-28T04:59:39.374+0000] {task_command.py:426} INFO - Running <TaskInstance: dag_3123123123123.extract_data_task scheduled__2025-06-25T00:00:00+00:00 [running]> on host dfc351a2ad6c
[2025-07-28T04:59:39.473+0000] {taskinstance.py:2648} INFO - Exporting env vars: AIRFLOW_CTX_DAG_OWNER='***' AIRFLOW_CTX_DAG_ID='dag_3123123123123' AIRFLOW_CTX_TASK_ID='extract_data_task' AIRFLOW_CTX_EXECUTION_DATE='2025-06-25T00:00:00+00:00' AIRFLOW_CTX_TRY_NUMBER='1' AIRFLOW_CTX_DAG_RUN_ID='scheduled__2025-06-25T00:00:00+00:00'
[2025-07-28T04:59:39.474+0000] {taskinstance.py:430} INFO - ::endgroup::
[2025-07-28T04:59:39.488+0000] {logging_mixin.py:188} INFO - Extracting data from: /opt/***/data/input/3f2a4b93-b237-4545-bd50-5004d863567c.csv
[2025-07-28T04:59:39.505+0000] {taskinstance.py:441} INFO - ::group::Post task execution logs
[2025-07-28T04:59:39.505+0000] {taskinstance.py:2905} ERROR - Task failed with exception
Traceback (most recent call last):
  File "/home/airflow/.local/lib/python3.12/site-packages/redis/connection.py", line 276, in connect
    sock = self.retry.call_with_retry(
           ^^^^^^^^^^^^^^^^^^^^^^^^^^^
  File "/home/airflow/.local/lib/python3.12/site-packages/redis/retry.py", line 46, in call_with_retry
    return do()
           ^^^^
  File "/home/airflow/.local/lib/python3.12/site-packages/redis/connection.py", line 277, in <lambda>
    lambda: self._connect(), lambda error: self.disconnect(error)
            ^^^^^^^^^^^^^^^
  File "/home/airflow/.local/lib/python3.12/site-packages/redis/connection.py", line 639, in _connect
    raise err
  File "/home/airflow/.local/lib/python3.12/site-packages/redis/connection.py", line 627, in _connect
    sock.connect(socket_address)
ConnectionRefusedError: [Errno 111] Connection refused

During handling of the above exception, another exception occurred:

Traceback (most recent call last):
  File "/home/airflow/.local/lib/python3.12/site-packages/airflow/models/taskinstance.py", line 465, in _execute_task
    result = _execute_callable(context=context, **execute_callable_kwargs)
             ^^^^^^^^^^^^^^^^^^^^^^^^^^^^^^^^^^^^^^^^^^^^^^^^^^^^^^^^^^^^^
  File "/home/airflow/.local/lib/python3.12/site-packages/airflow/models/taskinstance.py", line 432, in _execute_callable
    return execute_callable(context=context, **execute_callable_kwargs)
           ^^^^^^^^^^^^^^^^^^^^^^^^^^^^^^^^^^^^^^^^^^^^^^^^^^^^^^^^^^^^
  File "/home/airflow/.local/lib/python3.12/site-packages/airflow/models/baseoperator.py", line 401, in wrapper
    return func(self, *args, **kwargs)
           ^^^^^^^^^^^^^^^^^^^^^^^^^^^
  File "/home/airflow/.local/lib/python3.12/site-packages/airflow/operators/python.py", line 235, in execute
    return_value = self.execute_callable()
                   ^^^^^^^^^^^^^^^^^^^^^^^
  File "/home/airflow/.local/lib/python3.12/site-packages/airflow/operators/python.py", line 252, in execute_callable
    return self.python_callable(*self.op_args, **self.op_kwargs)
           ^^^^^^^^^^^^^^^^^^^^^^^^^^^^^^^^^^^^^^^^^^^^^^^^^^^^^
  File "/opt/airflow/dags/algorithms/data_processor.py", line 28, in extract_data
    redis_client.set(redis_key, data_bytes)
  File "/home/airflow/.local/lib/python3.12/site-packages/redis/commands/core.py", line 2342, in set
    return self.execute_command("SET", *pieces, **options)
           ^^^^^^^^^^^^^^^^^^^^^^^^^^^^^^^^^^^^^^^^^^^^^^^
  File "/home/airflow/.local/lib/python3.12/site-packages/redis/client.py", line 542, in execute_command
    conn = self.connection or pool.get_connection(command_name, **options)
                              ^^^^^^^^^^^^^^^^^^^^^^^^^^^^^^^^^^^^^^^^^^^^
  File "/home/airflow/.local/lib/python3.12/site-packages/redis/connection.py", line 1109, in get_connection
    connection.connect()
  File "/home/airflow/.local/lib/python3.12/site-packages/redis/connection.py", line 282, in connect
    raise ConnectionError(self._error_message(e))
redis.exceptions.ConnectionError: Error 111 connecting to localhost:6379. Connection refused.
[2025-07-28T04:59:39.514+0000] {taskinstance.py:1206} INFO - Marking task as FAILED. dag_id=dag_3123123123123, task_id=extract_data_task, run_id=scheduled__2025-06-25T00:00:00+00:00, execution_date=20250625T000000, start_date=20250728T045939, end_date=20250728T045939
[2025-07-28T04:59:39.528+0000] {standard_task_runner.py:110} ERROR - Failed to execute job 12 for task extract_data_task (Error 111 connecting to localhost:6379. Connection refused.; 5765)
[2025-07-28T04:59:39.547+0000] {local_task_job_runner.py:240} INFO - Task exited with return code 1
[2025-07-28T04:59:39.577+0000] {taskinstance.py:3503} INFO - 0 downstream tasks scheduled from follow-on schedule check
[2025-07-28T04:59:39.582+0000] {local_task_job_runner.py:222} INFO - ::endgroup::
